2024-07-31 11:22:54,644 [Worker-6: Loading available Gradle versions] INFO  o.e.b.c.i.u.g.PublishedGradleVersions - Gradle version information cache is out-of-date. Trying to update.
2024-07-31 11:23:14,293 [Worker-5: Importing Maven projects] INFO  o.e.m.c.i.l.LifecycleMappingFactory - Using org.eclipse.m2e.jdt.JarLifecycleMapping lifecycle mapping for MavenProject: com.reIntern:reIntern-backend:0.0.1-SNAPSHOT @ C:\Users\ytiwa\Downloads\Relntern-main\BackEnd\reIntern-backend\pom.xml.
2024-07-31 11:23:15,894 [Worker-5: Importing Maven projects] WARN  o.e.m.c.i.embedder.EclipseLogger - The artifact org.hibernate:hibernate-core:jar:6.0.0.Final has been relocated to org.hibernate.orm:hibernate-core:jar:6.0.0.Final
2024-07-31 11:23:17,786 [Worker-5: Importing Maven projects] INFO  o.e.m.j.i.AbstractJavaProjectConfigurator - Adding source folder /reIntern-backend/src/main/java
2024-07-31 11:23:17,793 [Worker-5: Importing Maven projects] INFO  o.e.m.j.i.AbstractJavaProjectConfigurator - Adding resource folder /reIntern-backend/src/main/resources
2024-07-31 11:23:17,804 [Worker-5: Importing Maven projects] INFO  o.e.m.j.i.AbstractJavaProjectConfigurator - Adding resource folder /reIntern-backend/src/main/resources
2024-07-31 11:23:17,812 [Worker-5: Importing Maven projects] INFO  o.e.m.j.i.AbstractJavaProjectConfigurator - Adding source folder /reIntern-backend/src/test/java
2024-07-31 11:23:17,814 [Worker-5: Importing Maven projects] INFO  o.e.m.j.i.AbstractJavaProjectConfigurator - Adding resource folder /reIntern-backend/src/test/resources
2024-07-31 11:23:20,132 [Worker-5: Importing Maven projects] INFO  o.e.m.c.i.p.ProjectConfigurationManager - Imported and configured 1 project(s) in 8 sec
2024-07-31 11:23:22,921 [Worker-9: Building] INFO  o.a.m.s.f.DefaultMavenResourcesFiltering - Copying 1 resource from src\main\resources to target\classes
2024-07-31 11:23:22,965 [Worker-9: Building] INFO  o.a.m.s.f.DefaultMavenResourcesFiltering - Copying 0 resource from src\main\resources to target\classes
2024-07-31 11:23:22,977 [Worker-9: Building] INFO  o.a.m.s.f.DefaultMavenResourcesFiltering - skip non existing resourceDirectory C:\Users\ytiwa\Downloads\Relntern-main\BackEnd\reIntern-backend\src\test\resources
2024-07-31 11:26:41,943 [Worker-9: Launching reIntern-backend - ReInternBackendApplication] INFO  o.a.m.s.f.DefaultMavenResourcesFiltering - Copying 1 resource from src\main\resources to target\classes
2024-07-31 11:26:41,965 [Worker-9: Launching reIntern-backend - ReInternBackendApplication] INFO  o.a.m.s.f.DefaultMavenResourcesFiltering - Copying 0 resource from src\main\resources to target\classes
2024-07-31 11:26:41,971 [Worker-9: Launching reIntern-backend - ReInternBackendApplication] INFO  o.a.m.s.f.DefaultMavenResourcesFiltering - skip non existing resourceDirectory C:\Users\ytiwa\Downloads\Relntern-main\BackEnd\reIntern-backend\src\test\resources
2024-07-31 11:31:12,045 [Worker-16: Launching reIntern-backend - ReInternBackendApplication] INFO  o.a.m.s.f.DefaultMavenResourcesFiltering - Copying 1 resource from src\main\resources to target\classes
2024-07-31 11:31:12,061 [Worker-16: Launching reIntern-backend - ReInternBackendApplication] INFO  o.a.m.s.f.DefaultMavenResourcesFiltering - Copying 0 resource from src\main\resources to target\classes
2024-07-31 11:31:12,073 [Worker-16: Launching reIntern-backend - ReInternBackendApplication] INFO  o.a.m.s.f.DefaultMavenResourcesFiltering - skip non existing resourceDirectory C:\Users\ytiwa\Downloads\Relntern-main\BackEnd\reIntern-backend\src\test\resources
2024-07-31 11:46:38,507 [Worker-27: Launching reIntern-backend - ReInternBackendApplication] INFO  o.a.m.s.f.DefaultMavenResourcesFiltering - Copying 1 resource from src\main\resources to target\classes
2024-07-31 11:46:38,562 [Worker-27: Launching reIntern-backend - ReInternBackendApplication] INFO  o.a.m.s.f.DefaultMavenResourcesFiltering - Copying 0 resource from src\main\resources to target\classes
2024-07-31 11:46:38,571 [Worker-27: Launching reIntern-backend - ReInternBackendApplication] INFO  o.a.m.s.f.DefaultMavenResourcesFiltering - skip non existing resourceDirectory C:\Users\ytiwa\Downloads\Relntern-main\BackEnd\reIntern-backend\src\test\resources
2024-08-18 13:11:54,936 [Worker-2: Loading available Gradle versions] INFO  o.e.b.c.i.u.g.PublishedGradleVersions - Gradle version information cache is out-of-date. Trying to update.
2024-08-18 13:12:45,114 [Worker-3: Updating Maven Dependencies] INFO  o.e.m.c.i.l.LifecycleMappingFactory - Using org.eclipse.m2e.jdt.JarLifecycleMapping lifecycle mapping for MavenProject: com.reIntern:reIntern-backend:0.0.1-SNAPSHOT @ C:\Users\ytiwa\OneDrive\Desktop\Relntern-final\Relntern-main-main\BackEnd\relntern-backend\pom.xml.
2024-08-18 13:12:46,042 [Worker-2: Building] INFO  o.e.m.c.i.l.LifecycleMappingFactory - Using org.eclipse.m2e.jdt.JarLifecycleMapping lifecycle mapping for MavenProject: com.reIntern:reIntern-backend:0.0.1-SNAPSHOT @ C:\Users\ytiwa\OneDrive\Desktop\Relntern-final\Relntern-main-main\BackEnd\relntern-backend\pom.xml.
2024-08-18 13:12:46,787 [Worker-3: Updating Maven Dependencies] WARN  o.e.m.c.i.embedder.EclipseLogger - The artifact org.hibernate:hibernate-core:jar:6.0.0.Final has been relocated to org.hibernate.orm:hibernate-core:jar:6.0.0.Final
2024-08-18 13:12:46,902 [Worker-2: Building] WARN  o.e.m.c.i.embedder.EclipseLogger - The artifact org.hibernate:hibernate-core:jar:6.0.0.Final has been relocated to org.hibernate.orm:hibernate-core:jar:6.0.0.Final
2024-08-18 13:12:49,265 [Worker-2: Building] INFO  o.a.m.s.f.DefaultMavenResourcesFiltering - Copying 1 resource from src\main\resources to target\classes
2024-08-18 13:12:49,354 [Worker-2: Building] INFO  o.a.m.s.f.DefaultMavenResourcesFiltering - Copying 0 resource from src\main\resources to target\classes
2024-08-18 13:12:49,369 [Worker-2: Building] INFO  o.a.m.s.f.DefaultMavenResourcesFiltering - skip non existing resourceDirectory C:\Users\ytiwa\OneDrive\Desktop\Relntern-final\Relntern-main-main\BackEnd\relntern-backend\src\test\resources
2024-08-18 13:12:52,942 [Worker-0: Building] WARN  o.e.m.c.i.embedder.EclipseLogger - The artifact org.hibernate:hibernate-core:jar:6.0.0.Final has been relocated to org.hibernate.orm:hibernate-core:jar:6.0.0.Final
2024-08-18 13:12:53,390 [Worker-10: Updating Maven Dependencies] INFO  o.e.m.c.i.l.LifecycleMappingFactory - Using org.eclipse.m2e.jdt.JarLifecycleMapping lifecycle mapping for MavenProject: com.reIntern:reIntern-backend:0.0.1-SNAPSHOT @ C:\Users\ytiwa\OneDrive\Desktop\Relntern-final\Relntern-main-main\BackEnd\relntern-backend\pom.xml.
2024-08-18 13:12:53,743 [Worker-0: Building] INFO  o.a.m.s.f.DefaultMavenResourcesFiltering - Copying 1 resource from src\main\resources to target\classes
2024-08-18 13:12:53,895 [Worker-0: Building] INFO  o.a.m.s.f.DefaultMavenResourcesFiltering - Copying 0 resource from src\main\resources to target\classes
2024-08-18 13:12:53,911 [Worker-0: Building] INFO  o.a.m.s.f.DefaultMavenResourcesFiltering - skip non existing resourceDirectory C:\Users\ytiwa\OneDrive\Desktop\Relntern-final\Relntern-main-main\BackEnd\relntern-backend\src\test\resources
2024-08-18 13:12:54,997 [Worker-10: Updating Maven Dependencies] WARN  o.e.m.c.i.embedder.EclipseLogger - The artifact org.hibernate:hibernate-core:jar:6.0.0.Final has been relocated to org.hibernate.orm:hibernate-core:jar:6.0.0.Final
2024-08-20 10:56:47,496 [Worker-37: Building] INFO  o.a.m.s.f.DefaultMavenResourcesFiltering - Copying 1 resource from src\main\resources to target\classes
2024-08-20 10:56:48,290 [Worker-37: Building] INFO  o.a.m.s.f.DefaultMavenResourcesFiltering - Copying 0 resource from src\main\resources to target\classes
2024-08-20 10:56:48,301 [Worker-37: Building] INFO  o.a.m.s.f.DefaultMavenResourcesFiltering - skip non existing resourceDirectory C:\Users\ytiwa\OneDrive\Desktop\Relntern-final\Relntern-main-main\BackEnd\relntern-backend\src\test\resources
2024-08-20 12:04:38,981 [Worker-60: Building] INFO  o.a.m.s.f.DefaultMavenResourcesFiltering - Copying 1 resource from src\main\resources to target\classes
2024-08-20 12:04:39,030 [Worker-60: Building] INFO  o.a.m.s.f.DefaultMavenResourcesFiltering - Copying 0 resource from src\main\resources to target\classes
2024-08-20 12:04:39,040 [Worker-60: Building] INFO  o.a.m.s.f.DefaultMavenResourcesFiltering - skip non existing resourceDirectory C:\Users\ytiwa\OneDrive\Desktop\Relntern-final\Relntern-main-main\BackEnd\relntern-backend\src\test\resources
2024-08-20 12:12:42,749 [Worker-65: Building] INFO  o.a.m.s.f.DefaultMavenResourcesFiltering - Copying 1 resource from src\main\resources to target\classes
2024-08-20 12:12:42,770 [Worker-65: Building] INFO  o.a.m.s.f.DefaultMavenResourcesFiltering - Copying 0 resource from src\main\resources to target\classes
2024-08-20 12:12:42,779 [Worker-65: Building] INFO  o.a.m.s.f.DefaultMavenResourcesFiltering - skip non existing resourceDirectory C:\Users\ytiwa\OneDrive\Desktop\Relntern-final\Relntern-main-main\BackEnd\relntern-backend\src\test\resources
2024-08-20 12:33:46,628 [Worker-68: Launching relntern-backend - ReInternBackendApplication] INFO  o.a.m.s.f.DefaultMavenResourcesFiltering - Copying 1 resource from src\main\resources to target\classes
2024-08-20 12:33:46,642 [Worker-68: Launching relntern-backend - ReInternBackendApplication] INFO  o.a.m.s.f.DefaultMavenResourcesFiltering - Copying 0 resource from src\main\resources to target\classes
2024-08-20 12:33:46,650 [Worker-68: Launching relntern-backend - ReInternBackendApplication] INFO  o.a.m.s.f.DefaultMavenResourcesFiltering - skip non existing resourceDirectory C:\Users\ytiwa\OneDrive\Desktop\Relntern-final\Relntern-main-main\BackEnd\relntern-backend\src\test\resources
2024-08-20 12:50:43,014 [Worker-83: Launching relntern-backend - ReInternBackendApplication] INFO  o.a.m.s.f.DefaultMavenResourcesFiltering - Copying 1 resource from src\main\resources to target\classes
2024-08-20 12:50:43,057 [Worker-83: Launching relntern-backend - ReInternBackendApplication] INFO  o.a.m.s.f.DefaultMavenResourcesFiltering - Copying 0 resource from src\main\resources to target\classes
2024-08-20 12:50:43,066 [Worker-83: Launching relntern-backend - ReInternBackendApplication] INFO  o.a.m.s.f.DefaultMavenResourcesFiltering - skip non existing resourceDirectory C:\Users\ytiwa\OneDrive\Desktop\Relntern-final\Relntern-main-main\BackEnd\relntern-backend\src\test\resources
2024-08-20 14:11:25,666 [Worker-95: Launching relntern-backend - ReInternBackendApplication] INFO  o.a.m.s.f.DefaultMavenResourcesFiltering - Copying 1 resource from src\main\resources to target\classes
2024-08-20 14:11:25,705 [Worker-95: Launching relntern-backend - ReInternBackendApplication] INFO  o.a.m.s.f.DefaultMavenResourcesFiltering - Copying 0 resource from src\main\resources to target\classes
2024-08-20 14:11:25,710 [Worker-95: Launching relntern-backend - ReInternBackendApplication] INFO  o.a.m.s.f.DefaultMavenResourcesFiltering - skip non existing resourceDirectory C:\Users\ytiwa\OneDrive\Desktop\Relntern-final\Relntern-main-main\BackEnd\relntern-backend\src\test\resources
2024-08-20 14:14:10,712 [Worker-91: Launching relntern-backend - ReInternBackendApplication] INFO  o.a.m.s.f.DefaultMavenResourcesFiltering - Copying 1 resource from src\main\resources to target\classes
2024-08-20 14:14:10,738 [Worker-91: Launching relntern-backend - ReInternBackendApplication] INFO  o.a.m.s.f.DefaultMavenResourcesFiltering - Copying 0 resource from src\main\resources to target\classes
2024-08-20 14:14:10,743 [Worker-91: Launching relntern-backend - ReInternBackendApplication] INFO  o.a.m.s.f.DefaultMavenResourcesFiltering - skip non existing resourceDirectory C:\Users\ytiwa\OneDrive\Desktop\Relntern-final\Relntern-main-main\BackEnd\relntern-backend\src\test\resources
2024-08-20 14:14:51,276 [Worker-96: Launching relntern-backend - ReInternBackendApplication] INFO  o.a.m.s.f.DefaultMavenResourcesFiltering - Copying 1 resource from src\main\resources to target\classes
2024-08-20 14:14:51,288 [Worker-96: Launching relntern-backend - ReInternBackendApplication] INFO  o.a.m.s.f.DefaultMavenResourcesFiltering - Copying 0 resource from src\main\resources to target\classes
2024-08-20 14:14:51,299 [Worker-96: Launching relntern-backend - ReInternBackendApplication] INFO  o.a.m.s.f.DefaultMavenResourcesFiltering - skip non existing resourceDirectory C:\Users\ytiwa\OneDrive\Desktop\Relntern-final\Relntern-main-main\BackEnd\relntern-backend\src\test\resources
2024-08-20 14:16:33,808 [Worker-93: Building] INFO  o.a.m.s.f.DefaultMavenResourcesFiltering - Copying 1 resource from src\main\resources to target\classes
2024-08-20 14:16:33,821 [Worker-93: Building] INFO  o.a.m.s.f.DefaultMavenResourcesFiltering - Copying 0 resource from src\main\resources to target\classes
2024-08-20 14:16:33,826 [Worker-93: Building] INFO  o.a.m.s.f.DefaultMavenResourcesFiltering - skip non existing resourceDirectory C:\Users\ytiwa\OneDrive\Desktop\Relntern-final\Relntern-main-main\BackEnd\relntern-backend\src\test\resources
2024-08-20 14:20:35,049 [Worker-102: Building] INFO  o.a.m.s.f.DefaultMavenResourcesFiltering - Copying 1 resource from src\main\resources to target\classes
2024-08-20 14:20:35,056 [Worker-102: Building] INFO  o.a.m.s.f.DefaultMavenResourcesFiltering - Copying 0 resource from src\main\resources to target\classes
2024-08-20 14:20:35,061 [Worker-102: Building] INFO  o.a.m.s.f.DefaultMavenResourcesFiltering - skip non existing resourceDirectory C:\Users\ytiwa\OneDrive\Desktop\Relntern-final\Relntern-main-main\BackEnd\relntern-backend\src\test\resources
2024-08-20 14:37:34,625 [Worker-106: Building] INFO  o.a.m.s.f.DefaultMavenResourcesFiltering - Copying 1 resource from src\main\resources to target\classes
2024-08-20 14:37:34,654 [Worker-106: Building] INFO  o.a.m.s.f.DefaultMavenResourcesFiltering - Copying 0 resource from src\main\resources to target\classes
2024-08-20 14:37:34,662 [Worker-106: Building] INFO  o.a.m.s.f.DefaultMavenResourcesFiltering - skip non existing resourceDirectory C:\Users\ytiwa\OneDrive\Desktop\Relntern-final\Relntern-main-main\BackEnd\relntern-backend\src\test\resources
2024-08-20 14:49:22,873 [Worker-112: Launching relntern-backend - ReInternBackendApplication] INFO  o.a.m.s.f.DefaultMavenResourcesFiltering - Copying 1 resource from src\main\resources to target\classes
2024-08-20 14:49:22,885 [Worker-112: Launching relntern-backend - ReInternBackendApplication] INFO  o.a.m.s.f.DefaultMavenResourcesFiltering - Copying 0 resource from src\main\resources to target\classes
2024-08-20 14:49:22,891 [Worker-112: Launching relntern-backend - ReInternBackendApplication] INFO  o.a.m.s.f.DefaultMavenResourcesFiltering - skip non existing resourceDirectory C:\Users\ytiwa\OneDrive\Desktop\Relntern-final\Relntern-main-main\BackEnd\relntern-backend\src\test\resources
2024-08-20 15:00:04,651 [Worker-122: Launching relntern-backend - ReInternBackendApplication] INFO  o.a.m.s.f.DefaultMavenResourcesFiltering - Copying 1 resource from src\main\resources to target\classes
2024-08-20 15:00:04,663 [Worker-122: Launching relntern-backend - ReInternBackendApplication] INFO  o.a.m.s.f.DefaultMavenResourcesFiltering - Copying 0 resource from src\main\resources to target\classes
2024-08-20 15:00:04,669 [Worker-122: Launching relntern-backend - ReInternBackendApplication] INFO  o.a.m.s.f.DefaultMavenResourcesFiltering - skip non existing resourceDirectory C:\Users\ytiwa\OneDrive\Desktop\Relntern-final\Relntern-main-main\BackEnd\relntern-backend\src\test\resources
2024-08-20 15:11:47,530 [Worker-128: Launching relntern-backend - ReInternBackendApplication] INFO  o.a.m.s.f.DefaultMavenResourcesFiltering - Copying 1 resource from src\main\resources to target\classes
2024-08-20 15:11:47,564 [Worker-128: Launching relntern-backend - ReInternBackendApplication] INFO  o.a.m.s.f.DefaultMavenResourcesFiltering - Copying 0 resource from src\main\resources to target\classes
2024-08-20 15:11:47,579 [Worker-128: Launching relntern-backend - ReInternBackendApplication] INFO  o.a.m.s.f.DefaultMavenResourcesFiltering - skip non existing resourceDirectory C:\Users\ytiwa\OneDrive\Desktop\Relntern-final\Relntern-main-main\BackEnd\relntern-backend\src\test\resources
2024-08-20 15:19:47,056 [Worker-138: Building] INFO  o.a.m.s.f.DefaultMavenResourcesFiltering - Copying 1 resource from src\main\resources to target\classes
2024-08-20 15:19:47,065 [Worker-138: Building] INFO  o.a.m.s.f.DefaultMavenResourcesFiltering - Copying 0 resource from src\main\resources to target\classes
2024-08-20 15:19:47,071 [Worker-138: Building] INFO  o.a.m.s.f.DefaultMavenResourcesFiltering - skip non existing resourceDirectory C:\Users\ytiwa\OneDrive\Desktop\Relntern-final\Relntern-main-main\BackEnd\relntern-backend\src\test\resources
2024-08-20 15:22:12,995 [Worker-139: Building] INFO  o.a.m.s.f.DefaultMavenResourcesFiltering - Copying 1 resource from src\main\resources to target\classes
2024-08-20 15:22:13,006 [Worker-139: Building] INFO  o.a.m.s.f.DefaultMavenResourcesFiltering - Copying 0 resource from src\main\resources to target\classes
2024-08-20 15:22:13,011 [Worker-139: Building] INFO  o.a.m.s.f.DefaultMavenResourcesFiltering - skip non existing resourceDirectory C:\Users\ytiwa\OneDrive\Desktop\Relntern-final\Relntern-main-main\BackEnd\relntern-backend\src\test\resources
2024-08-20 15:49:24,091 [Worker-146: Launching relntern-backend - ReInternBackendApplication] INFO  o.a.m.s.f.DefaultMavenResourcesFiltering - Copying 1 resource from src\main\resources to target\classes
2024-08-20 15:49:24,111 [Worker-146: Launching relntern-backend - ReInternBackendApplication] INFO  o.a.m.s.f.DefaultMavenResourcesFiltering - Copying 0 resource from src\main\resources to target\classes
2024-08-20 15:49:24,117 [Worker-146: Launching relntern-backend - ReInternBackendApplication] INFO  o.a.m.s.f.DefaultMavenResourcesFiltering - skip non existing resourceDirectory C:\Users\ytiwa\OneDrive\Desktop\Relntern-final\Relntern-main-main\BackEnd\relntern-backend\src\test\resources
2024-08-20 15:51:52,173 [Worker-152: Building] INFO  o.a.m.s.f.DefaultMavenResourcesFiltering - Copying 1 resource from src\main\resources to target\classes
2024-08-20 15:51:52,190 [Worker-152: Building] INFO  o.a.m.s.f.DefaultMavenResourcesFiltering - Copying 0 resource from src\main\resources to target\classes
2024-08-20 15:51:52,194 [Worker-152: Building] INFO  o.a.m.s.f.DefaultMavenResourcesFiltering - skip non existing resourceDirectory C:\Users\ytiwa\OneDrive\Desktop\Relntern-final\Relntern-main-main\BackEnd\relntern-backend\src\test\resources
2024-08-20 15:52:06,765 [Worker-152: Building] INFO  o.a.m.s.f.DefaultMavenResourcesFiltering - Copying 1 resource from src\main\resources to target\classes
2024-08-20 15:52:06,776 [Worker-152: Building] INFO  o.a.m.s.f.DefaultMavenResourcesFiltering - Copying 0 resource from src\main\resources to target\classes
2024-08-20 15:52:06,781 [Worker-152: Building] INFO  o.a.m.s.f.DefaultMavenResourcesFiltering - skip non existing resourceDirectory C:\Users\ytiwa\OneDrive\Desktop\Relntern-final\Relntern-main-main\BackEnd\relntern-backend\src\test\resources
2024-08-20 16:15:56,100 [Worker-159: Launching relntern-backend - ReInternBackendApplication] INFO  o.a.m.s.f.DefaultMavenResourcesFiltering - Copying 1 resource from src\main\resources to target\classes
2024-08-20 16:15:56,639 [Worker-159: Launching relntern-backend - ReInternBackendApplication] INFO  o.a.m.s.f.DefaultMavenResourcesFiltering - Copying 0 resource from src\main\resources to target\classes
2024-08-20 16:15:56,652 [Worker-159: Launching relntern-backend - ReInternBackendApplication] INFO  o.a.m.s.f.DefaultMavenResourcesFiltering - skip non existing resourceDirectory C:\Users\ytiwa\OneDrive\Desktop\Relntern-final\Relntern-main-main\BackEnd\relntern-backend\src\test\resources
2024-08-20 16:18:15,592 [Worker-163: Building] INFO  o.a.m.s.f.DefaultMavenResourcesFiltering - Copying 1 resource from src\main\resources to target\classes
2024-08-20 16:18:15,601 [Worker-163: Building] INFO  o.a.m.s.f.DefaultMavenResourcesFiltering - Copying 0 resource from src\main\resources to target\classes
2024-08-20 16:18:15,607 [Worker-163: Building] INFO  o.a.m.s.f.DefaultMavenResourcesFiltering - skip non existing resourceDirectory C:\Users\ytiwa\OneDrive\Desktop\Relntern-final\Relntern-main-main\BackEnd\relntern-backend\src\test\resources
2024-08-20 16:19:49,745 [Worker-151: Building] INFO  o.a.m.s.f.DefaultMavenResourcesFiltering - Copying 1 resource from src\main\resources to target\classes
2024-08-20 16:19:49,761 [Worker-151: Building] INFO  o.a.m.s.f.DefaultMavenResourcesFiltering - Copying 0 resource from src\main\resources to target\classes
2024-08-20 16:19:49,767 [Worker-151: Building] INFO  o.a.m.s.f.DefaultMavenResourcesFiltering - skip non existing resourceDirectory C:\Users\ytiwa\OneDrive\Desktop\Relntern-final\Relntern-main-main\BackEnd\relntern-backend\src\test\resources
2024-08-20 17:33:51,551 [Worker-185: Building] INFO  o.a.m.s.f.DefaultMavenResourcesFiltering - Copying 1 resource from src\main\resources to target\classes
2024-08-20 17:33:51,724 [Worker-185: Building] INFO  o.a.m.s.f.DefaultMavenResourcesFiltering - Copying 0 resource from src\main\resources to target\classes
2024-08-20 17:33:51,735 [Worker-185: Building] INFO  o.a.m.s.f.DefaultMavenResourcesFiltering - skip non existing resourceDirectory C:\Users\ytiwa\OneDrive\Desktop\Relntern-final\Relntern-main-main\BackEnd\relntern-backend\src\test\resources
2024-08-20 17:54:02,119 [Worker-192: Building] INFO  o.a.m.s.f.DefaultMavenResourcesFiltering - Copying 1 resource from src\main\resources to target\classes
2024-08-20 17:54:02,172 [Worker-192: Building] INFO  o.a.m.s.f.DefaultMavenResourcesFiltering - Copying 0 resource from src\main\resources to target\classes
2024-08-20 17:54:02,178 [Worker-192: Building] INFO  o.a.m.s.f.DefaultMavenResourcesFiltering - skip non existing resourceDirectory C:\Users\ytiwa\OneDrive\Desktop\Relntern-final\Relntern-main-main\BackEnd\relntern-backend\src\test\resources
2024-08-20 17:54:31,455 [Worker-192: Building] INFO  o.a.m.s.f.DefaultMavenResourcesFiltering - Copying 1 resource from src\main\resources to target\classes
2024-08-20 17:54:31,557 [Worker-192: Building] INFO  o.a.m.s.f.DefaultMavenResourcesFiltering - Copying 0 resource from src\main\resources to target\classes
2024-08-20 17:54:31,561 [Worker-192: Building] INFO  o.a.m.s.f.DefaultMavenResourcesFiltering - skip non existing resourceDirectory C:\Users\ytiwa\OneDrive\Desktop\Relntern-final\Relntern-main-main\BackEnd\relntern-backend\src\test\resources
2024-08-21 11:25:41,796 [Worker-236: Building] INFO  o.a.m.s.f.DefaultMavenResourcesFiltering - Copying 1 resource from src\main\resources to target\classes
2024-08-21 11:25:41,984 [Worker-236: Building] INFO  o.a.m.s.f.DefaultMavenResourcesFiltering - Copying 0 resource from src\main\resources to target\classes
2024-08-21 11:25:41,991 [Worker-236: Building] INFO  o.a.m.s.f.DefaultMavenResourcesFiltering - skip non existing resourceDirectory C:\Users\ytiwa\OneDrive\Desktop\Relntern-final\Relntern-main-main\BackEnd\relntern-backend\src\test\resources
2024-08-21 11:35:37,955 [Worker-241: Building] INFO  o.a.m.s.f.DefaultMavenResourcesFiltering - Copying 1 resource from src\main\resources to target\classes
2024-08-21 11:35:38,021 [Worker-241: Building] INFO  o.a.m.s.f.DefaultMavenResourcesFiltering - Copying 0 resource from src\main\resources to target\classes
2024-08-21 11:35:38,031 [Worker-241: Building] INFO  o.a.m.s.f.DefaultMavenResourcesFiltering - skip non existing resourceDirectory C:\Users\ytiwa\OneDrive\Desktop\Relntern-final\Relntern-main-main\BackEnd\relntern-backend\src\test\resources
2024-08-21 11:35:57,388 [Worker-237: Building] INFO  o.a.m.s.f.DefaultMavenResourcesFiltering - Copying 1 resource from src\main\resources to target\classes
2024-08-21 11:35:57,424 [Worker-237: Building] INFO  o.a.m.s.f.DefaultMavenResourcesFiltering - Copying 0 resource from src\main\resources to target\classes
2024-08-21 11:35:57,430 [Worker-237: Building] INFO  o.a.m.s.f.DefaultMavenResourcesFiltering - skip non existing resourceDirectory C:\Users\ytiwa\OneDrive\Desktop\Relntern-final\Relntern-main-main\BackEnd\relntern-backend\src\test\resources
2024-08-21 11:36:40,255 [Worker-242: Building] INFO  o.a.m.s.f.DefaultMavenResourcesFiltering - Copying 1 resource from src\main\resources to target\classes
2024-08-21 11:36:40,267 [Worker-242: Building] INFO  o.a.m.s.f.DefaultMavenResourcesFiltering - Copying 0 resource from src\main\resources to target\classes
2024-08-21 11:36:40,275 [Worker-242: Building] INFO  o.a.m.s.f.DefaultMavenResourcesFiltering - skip non existing resourceDirectory C:\Users\ytiwa\OneDrive\Desktop\Relntern-final\Relntern-main-main\BackEnd\relntern-backend\src\test\resources
2024-08-21 11:39:18,539 [Worker-241: Building] INFO  o.a.m.s.f.DefaultMavenResourcesFiltering - Copying 1 resource from src\main\resources to target\classes
2024-08-21 11:39:18,554 [Worker-241: Building] INFO  o.a.m.s.f.DefaultMavenResourcesFiltering - Copying 0 resource from src\main\resources to target\classes
2024-08-21 11:39:18,562 [Worker-241: Building] INFO  o.a.m.s.f.DefaultMavenResourcesFiltering - skip non existing resourceDirectory C:\Users\ytiwa\OneDrive\Desktop\Relntern-final\Relntern-main-main\BackEnd\relntern-backend\src\test\resources
2024-08-21 11:52:11,629 [Worker-248: Building] INFO  o.a.m.s.f.DefaultMavenResourcesFiltering - Copying 1 resource from src\main\resources to target\classes
2024-08-21 11:52:11,648 [Worker-248: Building] INFO  o.a.m.s.f.DefaultMavenResourcesFiltering - Copying 0 resource from src\main\resources to target\classes
2024-08-21 11:52:11,654 [Worker-248: Building] INFO  o.a.m.s.f.DefaultMavenResourcesFiltering - skip non existing resourceDirectory C:\Users\ytiwa\OneDrive\Desktop\Relntern-final\Relntern-main-main\BackEnd\relntern-backend\src\test\resources
2024-08-21 11:53:38,265 [Worker-240: Launching relntern-backend - ReInternBackendApplication] INFO  o.a.m.s.f.DefaultMavenResourcesFiltering - Copying 1 resource from src\main\resources to target\classes
2024-08-21 11:53:38,278 [Worker-240: Launching relntern-backend - ReInternBackendApplication] INFO  o.a.m.s.f.DefaultMavenResourcesFiltering - Copying 0 resource from src\main\resources to target\classes
2024-08-21 11:53:38,285 [Worker-240: Launching relntern-backend - ReInternBackendApplication] INFO  o.a.m.s.f.DefaultMavenResourcesFiltering - skip non existing resourceDirectory C:\Users\ytiwa\OneDrive\Desktop\Relntern-final\Relntern-main-main\BackEnd\relntern-backend\src\test\resources
2024-08-21 12:21:27,833 [Worker-251: Launching relntern-backend - ReInternBackendApplication] INFO  o.a.m.s.f.DefaultMavenResourcesFiltering - Copying 1 resource from src\main\resources to target\classes
2024-08-21 12:21:27,872 [Worker-251: Launching relntern-backend - ReInternBackendApplication] INFO  o.a.m.s.f.DefaultMavenResourcesFiltering - Copying 0 resource from src\main\resources to target\classes
2024-08-21 12:21:27,881 [Worker-251: Launching relntern-backend - ReInternBackendApplication] INFO  o.a.m.s.f.DefaultMavenResourcesFiltering - skip non existing resourceDirectory C:\Users\ytiwa\OneDrive\Desktop\Relntern-final\Relntern-main-main\BackEnd\relntern-backend\src\test\resources
2024-08-25 17:25:56,714 [Worker-454: Building] INFO  o.a.m.s.f.DefaultMavenResourcesFiltering - Copying 1 resource from src\main\resources to target\classes
2024-08-25 17:25:56,765 [Worker-454: Building] INFO  o.a.m.s.f.DefaultMavenResourcesFiltering - Copying 0 resource from src\main\resources to target\classes
2024-08-25 17:25:56,784 [Worker-454: Building] INFO  o.a.m.s.f.DefaultMavenResourcesFiltering - skip non existing resourceDirectory C:\Users\ytiwa\OneDrive\Desktop\Relntern-final\Relntern-main-main\BackEnd\relntern-backend\src\test\resources
2024-08-26 11:57:29,653 [Worker-471: Building] INFO  o.a.m.s.f.DefaultMavenResourcesFiltering - Copying 1 resource from src\main\resources to target\classes
2024-08-26 11:57:29,777 [Worker-471: Building] INFO  o.a.m.s.f.DefaultMavenResourcesFiltering - Copying 0 resource from src\main\resources to target\classes
2024-08-26 11:57:29,791 [Worker-471: Building] INFO  o.a.m.s.f.DefaultMavenResourcesFiltering - skip non existing resourceDirectory C:\Users\ytiwa\OneDrive\Desktop\Relntern-final\Relntern-main-main\BackEnd\relntern-backend\src\test\resources
2024-08-26 11:57:42,032 [Worker-477: Building] INFO  o.a.m.s.f.DefaultMavenResourcesFiltering - Copying 1 resource from src\main\resources to target\classes
2024-08-26 11:57:42,255 [Worker-477: Building] INFO  o.a.m.s.f.DefaultMavenResourcesFiltering - Copying 0 resource from src\main\resources to target\classes
2024-08-26 11:57:42,271 [Worker-477: Building] INFO  o.a.m.s.f.DefaultMavenResourcesFiltering - skip non existing resourceDirectory C:\Users\ytiwa\OneDrive\Desktop\Relntern-final\Relntern-main-main\BackEnd\relntern-backend\src\test\resources
2024-08-26 12:16:21,005 [Worker-483: Building] INFO  o.a.m.s.f.DefaultMavenResourcesFiltering - Copying 1 resource from src\main\resources to target\classes
2024-08-26 12:16:21,029 [Worker-483: Building] INFO  o.a.m.s.f.DefaultMavenResourcesFiltering - Copying 0 resource from src\main\resources to target\classes
2024-08-26 12:16:21,042 [Worker-483: Building] INFO  o.a.m.s.f.DefaultMavenResourcesFiltering - skip non existing resourceDirectory C:\Users\ytiwa\OneDrive\Desktop\Relntern-final\Relntern-main-main\BackEnd\relntern-backend\src\test\resources
2024-08-26 12:16:25,543 [Worker-486: Building] INFO  o.a.m.s.f.DefaultMavenResourcesFiltering - Copying 1 resource from src\main\resources to target\classes
2024-08-26 12:16:25,578 [Worker-486: Building] INFO  o.a.m.s.f.DefaultMavenResourcesFiltering - Copying 0 resource from src\main\resources to target\classes
2024-08-26 12:16:25,599 [Worker-486: Building] INFO  o.a.m.s.f.DefaultMavenResourcesFiltering - skip non existing resourceDirectory C:\Users\ytiwa\OneDrive\Desktop\Relntern-final\Relntern-main-main\BackEnd\relntern-backend\src\test\resources
2024-08-26 12:16:29,374 [Worker-471: Building] INFO  o.a.m.s.f.DefaultMavenResourcesFiltering - Copying 1 resource from src\main\resources to target\classes
2024-08-26 12:16:29,390 [Worker-471: Building] INFO  o.a.m.s.f.DefaultMavenResourcesFiltering - Copying 0 resource from src\main\resources to target\classes
2024-08-26 12:16:29,396 [Worker-471: Building] INFO  o.a.m.s.f.DefaultMavenResourcesFiltering - skip non existing resourceDirectory C:\Users\ytiwa\OneDrive\Desktop\Relntern-final\Relntern-main-main\BackEnd\relntern-backend\src\test\resources
2024-08-26 12:16:33,393 [Worker-484: Building] INFO  o.a.m.s.f.DefaultMavenResourcesFiltering - Copying 1 resource from src\main\resources to target\classes
2024-08-26 12:16:33,408 [Worker-484: Building] INFO  o.a.m.s.f.DefaultMavenResourcesFiltering - Copying 0 resource from src\main\resources to target\classes
2024-08-26 12:16:33,416 [Worker-484: Building] INFO  o.a.m.s.f.DefaultMavenResourcesFiltering - skip non existing resourceDirectory C:\Users\ytiwa\OneDrive\Desktop\Relntern-final\Relntern-main-main\BackEnd\relntern-backend\src\test\resources
2024-08-26 12:19:12,236 [Worker-484: Building] INFO  o.a.m.s.f.DefaultMavenResourcesFiltering - Copying 1 resource from src\main\resources to target\classes
2024-08-26 12:19:12,262 [Worker-484: Building] INFO  o.a.m.s.f.DefaultMavenResourcesFiltering - Copying 0 resource from src\main\resources to target\classes
2024-08-26 12:19:12,269 [Worker-484: Building] INFO  o.a.m.s.f.DefaultMavenResourcesFiltering - skip non existing resourceDirectory C:\Users\ytiwa\OneDrive\Desktop\Relntern-final\Relntern-main-main\BackEnd\relntern-backend\src\test\resources
2024-08-26 12:20:27,115 [Worker-484: Building] INFO  o.a.m.s.f.DefaultMavenResourcesFiltering - Copying 1 resource from src\main\resources to target\classes
2024-08-26 12:20:27,125 [Worker-484: Building] INFO  o.a.m.s.f.DefaultMavenResourcesFiltering - Copying 0 resource from src\main\resources to target\classes
2024-08-26 12:20:27,132 [Worker-484: Building] INFO  o.a.m.s.f.DefaultMavenResourcesFiltering - skip non existing resourceDirectory C:\Users\ytiwa\OneDrive\Desktop\Relntern-final\Relntern-main-main\BackEnd\relntern-backend\src\test\resources
2024-08-26 12:23:02,547 [Worker-488: Launching relntern-backend - ReInternBackendApplication] INFO  o.a.m.s.f.DefaultMavenResourcesFiltering - Copying 1 resource from src\main\resources to target\classes
2024-08-26 12:23:02,560 [Worker-488: Launching relntern-backend - ReInternBackendApplication] INFO  o.a.m.s.f.DefaultMavenResourcesFiltering - Copying 0 resource from src\main\resources to target\classes
2024-08-26 12:23:02,567 [Worker-488: Launching relntern-backend - ReInternBackendApplication] INFO  o.a.m.s.f.DefaultMavenResourcesFiltering - skip non existing resourceDirectory C:\Users\ytiwa\OneDrive\Desktop\Relntern-final\Relntern-main-main\BackEnd\relntern-backend\src\test\resources
2024-08-27 10:45:17,592 [Worker-3: Loading available Gradle versions] INFO  o.e.b.c.i.u.g.PublishedGradleVersions - Gradle version information cache is out-of-date. Trying to update.
2024-08-27 10:46:39,693 [Worker-9: Launching relntern-backend - ReInternBackendApplication] WARN  o.e.m.c.i.embedder.EclipseLogger - The artifact org.hibernate:hibernate-core:jar:6.0.0.Final has been relocated to org.hibernate.orm:hibernate-core:jar:6.0.0.Final
2024-08-27 10:46:40,648 [Worker-9: Launching relntern-backend - ReInternBackendApplication] INFO  o.a.m.s.f.DefaultMavenResourcesFiltering - Copying 1 resource from src\main\resources to target\classes
2024-08-27 10:46:40,703 [Worker-9: Launching relntern-backend - ReInternBackendApplication] INFO  o.a.m.s.f.DefaultMavenResourcesFiltering - Copying 0 resource from src\main\resources to target\classes
2024-08-27 10:46:40,719 [Worker-9: Launching relntern-backend - ReInternBackendApplication] INFO  o.a.m.s.f.DefaultMavenResourcesFiltering - skip non existing resourceDirectory C:\Users\ytiwa\OneDrive\Desktop\Relntern-final\Relntern-main-main\BackEnd\relntern-backend\src\test\resources
2024-08-29 10:31:33,491 [Worker-4: Loading available Gradle versions] INFO  o.e.b.c.i.u.g.PublishedGradleVersions - Gradle version information cache is out-of-date. Trying to update.
2024-08-29 10:32:07,790 [Worker-4: Launching relntern-backend - ReInternBackendApplication] WARN  o.e.m.c.i.embedder.EclipseLogger - The artifact org.hibernate:hibernate-core:jar:6.0.0.Final has been relocated to org.hibernate.orm:hibernate-core:jar:6.0.0.Final
2024-08-29 10:59:50,633 [Worker-22: Building] INFO  o.a.m.s.f.DefaultMavenResourcesFiltering - Copying 1 resource from src\main\resources to target\classes
2024-08-29 10:59:50,692 [Worker-22: Building] INFO  o.a.m.s.f.DefaultMavenResourcesFiltering - Copying 0 resource from src\main\resources to target\classes
2024-08-29 10:59:50,706 [Worker-22: Building] INFO  o.a.m.s.f.DefaultMavenResourcesFiltering - skip non existing resourceDirectory C:\Users\ytiwa\OneDrive\Desktop\Relntern-final\Relntern-main-main\BackEnd\relntern-backend\src\test\resources
2024-08-29 11:02:27,850 [Worker-23: Building] INFO  o.a.m.s.f.DefaultMavenResourcesFiltering - Copying 1 resource from src\main\resources to target\classes
2024-08-29 11:02:27,865 [Worker-23: Building] INFO  o.a.m.s.f.DefaultMavenResourcesFiltering - Copying 0 resource from src\main\resources to target\classes
2024-08-29 11:02:27,871 [Worker-23: Building] INFO  o.a.m.s.f.DefaultMavenResourcesFiltering - skip non existing resourceDirectory C:\Users\ytiwa\OneDrive\Desktop\Relntern-final\Relntern-main-main\BackEnd\relntern-backend\src\test\resources
2024-08-29 11:03:25,757 [Worker-20: Launching relntern-backend - ReInternBackendApplication] INFO  o.a.m.s.f.DefaultMavenResourcesFiltering - Copying 1 resource from src\main\resources to target\classes
2024-08-29 11:03:25,768 [Worker-20: Launching relntern-backend - ReInternBackendApplication] INFO  o.a.m.s.f.DefaultMavenResourcesFiltering - Copying 0 resource from src\main\resources to target\classes
2024-08-29 11:03:25,776 [Worker-20: Launching relntern-backend - ReInternBackendApplication] INFO  o.a.m.s.f.DefaultMavenResourcesFiltering - skip non existing resourceDirectory C:\Users\ytiwa\OneDrive\Desktop\Relntern-final\Relntern-main-main\BackEnd\relntern-backend\src\test\resources
2024-08-29 12:19:15,744 [Worker-36: Building] INFO  o.a.m.s.f.DefaultMavenResourcesFiltering - Copying 1 resource from src\main\resources to target\classes
2024-08-29 12:19:15,853 [Worker-36: Building] INFO  o.a.m.s.f.DefaultMavenResourcesFiltering - Copying 0 resource from src\main\resources to target\classes
2024-08-29 12:19:15,858 [Worker-36: Building] INFO  o.a.m.s.f.DefaultMavenResourcesFiltering - skip non existing resourceDirectory C:\Users\ytiwa\OneDrive\Desktop\Relntern-final\Relntern-main-main\BackEnd\relntern-backend\src\test\resources
2024-08-29 12:21:28,463 [Worker-41: Launching relntern-backend - ReInternBackendApplication] INFO  o.a.m.s.f.DefaultMavenResourcesFiltering - Copying 1 resource from src\main\resources to target\classes
2024-08-29 12:21:28,474 [Worker-41: Launching relntern-backend - ReInternBackendApplication] INFO  o.a.m.s.f.DefaultMavenResourcesFiltering - Copying 0 resource from src\main\resources to target\classes
2024-08-29 12:21:28,481 [Worker-41: Launching relntern-backend - ReInternBackendApplication] INFO  o.a.m.s.f.DefaultMavenResourcesFiltering - skip non existing resourceDirectory C:\Users\ytiwa\OneDrive\Desktop\Relntern-final\Relntern-main-main\BackEnd\relntern-backend\src\test\resources
2024-08-29 15:13:15,239 [Worker-57: Building] INFO  o.a.m.s.f.DefaultMavenResourcesFiltering - Copying 1 resource from src\main\resources to target\classes
2024-08-29 15:13:15,326 [Worker-57: Building] INFO  o.a.m.s.f.DefaultMavenResourcesFiltering - Copying 0 resource from src\main\resources to target\classes
2024-08-29 15:13:15,336 [Worker-57: Building] INFO  o.a.m.s.f.DefaultMavenResourcesFiltering - skip non existing resourceDirectory C:\Users\ytiwa\OneDrive\Desktop\Relntern-final\Relntern-main-main\BackEnd\relntern-backend\src\test\resources
2024-08-29 15:13:18,348 [Worker-53: Building] INFO  o.a.m.s.f.DefaultMavenResourcesFiltering - Copying 1 resource from src\main\resources to target\classes
2024-08-29 15:13:18,352 [Worker-53: Building] INFO  o.a.m.s.f.DefaultMavenResourcesFiltering - Copying 0 resource from src\main\resources to target\classes
2024-08-29 15:13:18,359 [Worker-53: Building] INFO  o.a.m.s.f.DefaultMavenResourcesFiltering - skip non existing resourceDirectory C:\Users\ytiwa\OneDrive\Desktop\Relntern-final\Relntern-main-main\BackEnd\relntern-backend\src\test\resources
2024-08-29 15:14:07,732 [Worker-57: Building] INFO  o.a.m.s.f.DefaultMavenResourcesFiltering - Copying 1 resource from src\main\resources to target\classes
2024-08-29 15:14:07,738 [Worker-57: Building] INFO  o.a.m.s.f.DefaultMavenResourcesFiltering - Copying 0 resource from src\main\resources to target\classes
2024-08-29 15:14:07,746 [Worker-57: Building] INFO  o.a.m.s.f.DefaultMavenResourcesFiltering - skip non existing resourceDirectory C:\Users\ytiwa\OneDrive\Desktop\Relntern-final\Relntern-main-main\BackEnd\relntern-backend\src\test\resources
2024-08-29 15:15:48,607 [Worker-57: Building] INFO  o.a.m.s.f.DefaultMavenResourcesFiltering - Copying 1 resource from src\main\resources to target\classes
2024-08-29 15:15:48,619 [Worker-57: Building] INFO  o.a.m.s.f.DefaultMavenResourcesFiltering - Copying 0 resource from src\main\resources to target\classes
2024-08-29 15:15:48,624 [Worker-57: Building] INFO  o.a.m.s.f.DefaultMavenResourcesFiltering - skip non existing resourceDirectory C:\Users\ytiwa\OneDrive\Desktop\Relntern-final\Relntern-main-main\BackEnd\relntern-backend\src\test\resources
2024-09-03 11:38:59,766 [Worker-133: Launching relntern-backend - ReInternBackendApplication] INFO  o.a.m.s.f.DefaultMavenResourcesFiltering - Copying 1 resource from src\main\resources to target\classes
2024-09-03 11:38:59,796 [Worker-133: Launching relntern-backend - ReInternBackendApplication] INFO  o.a.m.s.f.DefaultMavenResourcesFiltering - Copying 0 resource from src\main\resources to target\classes
2024-09-03 11:38:59,812 [Worker-133: Launching relntern-backend - ReInternBackendApplication] INFO  o.a.m.s.f.DefaultMavenResourcesFiltering - skip non existing resourceDirectory C:\Users\ytiwa\OneDrive\Desktop\Relntern-final\Relntern-main-main\BackEnd\relntern-backend\src\test\resources
2024-09-03 11:47:20,479 [Worker-133: Launching relntern-backend - ReInternBackendApplication] INFO  o.a.m.s.f.DefaultMavenResourcesFiltering - Copying 1 resource from src\main\resources to target\classes
2024-09-03 11:47:20,569 [Worker-133: Launching relntern-backend - ReInternBackendApplication] INFO  o.a.m.s.f.DefaultMavenResourcesFiltering - Copying 0 resource from src\main\resources to target\classes
2024-09-03 11:47:20,575 [Worker-133: Launching relntern-backend - ReInternBackendApplication] INFO  o.a.m.s.f.DefaultMavenResourcesFiltering - skip non existing resourceDirectory C:\Users\ytiwa\OneDrive\Desktop\Relntern-final\Relntern-main-main\BackEnd\relntern-backend\src\test\resources
2024-09-03 11:48:20,904 [Worker-132: Building] INFO  o.a.m.s.f.DefaultMavenResourcesFiltering - Copying 1 resource from src\main\resources to target\classes
2024-09-03 11:48:20,916 [Worker-132: Building] INFO  o.a.m.s.f.DefaultMavenResourcesFiltering - Copying 0 resource from src\main\resources to target\classes
2024-09-03 11:48:20,924 [Worker-132: Building] INFO  o.a.m.s.f.DefaultMavenResourcesFiltering - skip non existing resourceDirectory C:\Users\ytiwa\OneDrive\Desktop\Relntern-final\Relntern-main-main\BackEnd\relntern-backend\src\test\resources
2024-09-03 11:50:43,740 [Worker-138: Launching relntern-backend - ReInternBackendApplication] INFO  o.a.m.s.f.DefaultMavenResourcesFiltering - Copying 1 resource from src\main\resources to target\classes
2024-09-03 11:50:43,753 [Worker-138: Launching relntern-backend - ReInternBackendApplication] INFO  o.a.m.s.f.DefaultMavenResourcesFiltering - Copying 0 resource from src\main\resources to target\classes
2024-09-03 11:50:43,760 [Worker-138: Launching relntern-backend - ReInternBackendApplication] INFO  o.a.m.s.f.DefaultMavenResourcesFiltering - skip non existing resourceDirectory C:\Users\ytiwa\OneDrive\Desktop\Relntern-final\Relntern-main-main\BackEnd\relntern-backend\src\test\resources
2024-09-03 11:51:50,654 [Worker-133: Launching relntern-backend - ReInternBackendApplication] INFO  o.a.m.s.f.DefaultMavenResourcesFiltering - Copying 1 resource from src\main\resources to target\classes
2024-09-03 11:51:50,667 [Worker-133: Launching relntern-backend - ReInternBackendApplication] INFO  o.a.m.s.f.DefaultMavenResourcesFiltering - Copying 0 resource from src\main\resources to target\classes
2024-09-03 11:51:50,675 [Worker-133: Launching relntern-backend - ReInternBackendApplication] INFO  o.a.m.s.f.DefaultMavenResourcesFiltering - skip non existing resourceDirectory C:\Users\ytiwa\OneDrive\Desktop\Relntern-final\Relntern-main-main\BackEnd\relntern-backend\src\test\resources
2024-09-03 11:57:59,188 [Worker-148: Launching relntern-backend - ReInternBackendApplication] INFO  o.a.m.s.f.DefaultMavenResourcesFiltering - Copying 1 resource from src\main\resources to target\classes
2024-09-03 11:57:59,199 [Worker-148: Launching relntern-backend - ReInternBackendApplication] INFO  o.a.m.s.f.DefaultMavenResourcesFiltering - Copying 0 resource from src\main\resources to target\classes
2024-09-03 11:57:59,205 [Worker-148: Launching relntern-backend - ReInternBackendApplication] INFO  o.a.m.s.f.DefaultMavenResourcesFiltering - skip non existing resourceDirectory C:\Users\ytiwa\OneDrive\Desktop\Relntern-final\Relntern-main-main\BackEnd\relntern-backend\src\test\resources
2024-09-03 14:35:32,066 [Worker-160: Building] INFO  o.a.m.s.f.DefaultMavenResourcesFiltering - Copying 1 resource from src\main\resources to target\classes
2024-09-03 14:35:32,263 [Worker-160: Building] INFO  o.a.m.s.f.DefaultMavenResourcesFiltering - Copying 0 resource from src\main\resources to target\classes
2024-09-03 14:35:32,273 [Worker-160: Building] INFO  o.a.m.s.f.DefaultMavenResourcesFiltering - skip non existing resourceDirectory C:\Users\ytiwa\OneDrive\Desktop\Relntern-final\Relntern-main-main\BackEnd\relntern-backend\src\test\resources
2024-09-03 14:36:50,534 [Worker-156: Building] INFO  o.a.m.s.f.DefaultMavenResourcesFiltering - Copying 1 resource from src\main\resources to target\classes
2024-09-03 14:36:50,553 [Worker-156: Building] INFO  o.a.m.s.f.DefaultMavenResourcesFiltering - Copying 0 resource from src\main\resources to target\classes
2024-09-03 14:36:50,562 [Worker-156: Building] INFO  o.a.m.s.f.DefaultMavenResourcesFiltering - skip non existing resourceDirectory C:\Users\ytiwa\OneDrive\Desktop\Relntern-final\Relntern-main-main\BackEnd\relntern-backend\src\test\resources
2024-09-03 14:54:12,375 [Worker-171: Building] INFO  o.a.m.s.f.DefaultMavenResourcesFiltering - Copying 1 resource from src\main\resources to target\classes
2024-09-03 14:54:12,476 [Worker-171: Building] INFO  o.a.m.s.f.DefaultMavenResourcesFiltering - Copying 0 resource from src\main\resources to target\classes
2024-09-03 14:54:12,483 [Worker-171: Building] INFO  o.a.m.s.f.DefaultMavenResourcesFiltering - skip non existing resourceDirectory C:\Users\ytiwa\OneDrive\Desktop\Relntern-final\Relntern-main-main\BackEnd\relntern-backend\src\test\resources
2024-09-03 14:55:21,788 [Worker-171: Launching relntern-backend - ReInternBackendApplication] INFO  o.a.m.s.f.DefaultMavenResourcesFiltering - Copying 1 resource from src\main\resources to target\classes
2024-09-03 14:55:21,808 [Worker-171: Launching relntern-backend - ReInternBackendApplication] INFO  o.a.m.s.f.DefaultMavenResourcesFiltering - Copying 0 resource from src\main\resources to target\classes
2024-09-03 14:55:21,814 [Worker-171: Launching relntern-backend - ReInternBackendApplication] INFO  o.a.m.s.f.DefaultMavenResourcesFiltering - skip non existing resourceDirectory C:\Users\ytiwa\OneDrive\Desktop\Relntern-final\Relntern-main-main\BackEnd\relntern-backend\src\test\resources
2024-09-03 15:35:04,624 [Worker-180: Building] INFO  o.a.m.s.f.DefaultMavenResourcesFiltering - Copying 1 resource from src\main\resources to target\classes
2024-09-03 15:35:04,866 [Worker-180: Building] INFO  o.a.m.s.f.DefaultMavenResourcesFiltering - Copying 0 resource from src\main\resources to target\classes
2024-09-03 15:35:04,885 [Worker-180: Building] INFO  o.a.m.s.f.DefaultMavenResourcesFiltering - skip non existing resourceDirectory C:\Users\ytiwa\OneDrive\Desktop\Relntern-final\Relntern-main-main\BackEnd\relntern-backend\src\test\resources
2024-09-03 15:37:05,571 [Worker-183: Building] INFO  o.a.m.s.f.DefaultMavenResourcesFiltering - Copying 1 resource from src\main\resources to target\classes
2024-09-03 15:37:05,631 [Worker-183: Building] INFO  o.a.m.s.f.DefaultMavenResourcesFiltering - Copying 0 resource from src\main\resources to target\classes
2024-09-03 15:37:05,643 [Worker-183: Building] INFO  o.a.m.s.f.DefaultMavenResourcesFiltering - skip non existing resourceDirectory C:\Users\ytiwa\OneDrive\Desktop\Relntern-final\Relntern-main-main\BackEnd\relntern-backend\src\test\resources
2024-09-03 15:38:51,994 [Worker-180: Building] INFO  o.a.m.s.f.DefaultMavenResourcesFiltering - Copying 1 resource from src\main\resources to target\classes
2024-09-03 15:38:52,008 [Worker-180: Building] INFO  o.a.m.s.f.DefaultMavenResourcesFiltering - Copying 0 resource from src\main\resources to target\classes
2024-09-03 15:38:52,016 [Worker-180: Building] INFO  o.a.m.s.f.DefaultMavenResourcesFiltering - skip non existing resourceDirectory C:\Users\ytiwa\OneDrive\Desktop\Relntern-final\Relntern-main-main\BackEnd\relntern-backend\src\test\resources
2024-09-03 15:39:45,973 [Worker-183: Building] INFO  o.a.m.s.f.DefaultMavenResourcesFiltering - Copying 1 resource from src\main\resources to target\classes
2024-09-03 15:39:45,982 [Worker-183: Building] INFO  o.a.m.s.f.DefaultMavenResourcesFiltering - Copying 0 resource from src\main\resources to target\classes
2024-09-03 15:39:45,987 [Worker-183: Building] INFO  o.a.m.s.f.DefaultMavenResourcesFiltering - skip non existing resourceDirectory C:\Users\ytiwa\OneDrive\Desktop\Relntern-final\Relntern-main-main\BackEnd\relntern-backend\src\test\resources
2024-09-03 15:51:12,602 [Worker-172: Launching relntern-backend - ReInternBackendApplication] INFO  o.a.m.s.f.DefaultMavenResourcesFiltering - Copying 1 resource from src\main\resources to target\classes
2024-09-03 15:51:12,660 [Worker-172: Launching relntern-backend - ReInternBackendApplication] INFO  o.a.m.s.f.DefaultMavenResourcesFiltering - Copying 0 resource from src\main\resources to target\classes
2024-09-03 15:51:12,671 [Worker-172: Launching relntern-backend - ReInternBackendApplication] INFO  o.a.m.s.f.DefaultMavenResourcesFiltering - skip non existing resourceDirectory C:\Users\ytiwa\OneDrive\Desktop\Relntern-final\Relntern-main-main\BackEnd\relntern-backend\src\test\resources
2024-09-03 15:55:45,526 [Worker-186: Launching relntern-backend - ReInternBackendApplication] INFO  o.a.m.s.f.DefaultMavenResourcesFiltering - Copying 1 resource from src\main\resources to target\classes
2024-09-03 15:55:45,602 [Worker-186: Launching relntern-backend - ReInternBackendApplication] INFO  o.a.m.s.f.DefaultMavenResourcesFiltering - Copying 0 resource from src\main\resources to target\classes
2024-09-03 15:55:45,606 [Worker-186: Launching relntern-backend - ReInternBackendApplication] INFO  o.a.m.s.f.DefaultMavenResourcesFiltering - skip non existing resourceDirectory C:\Users\ytiwa\OneDrive\Desktop\Relntern-final\Relntern-main-main\BackEnd\relntern-backend\src\test\resources
2024-09-03 15:56:07,964 [Worker-196: Launching relntern-backend - ReInternBackendApplication] INFO  o.a.m.s.f.DefaultMavenResourcesFiltering - Copying 1 resource from src\main\resources to target\classes
2024-09-03 15:56:07,979 [Worker-196: Launching relntern-backend - ReInternBackendApplication] INFO  o.a.m.s.f.DefaultMavenResourcesFiltering - Copying 0 resource from src\main\resources to target\classes
2024-09-03 15:56:07,985 [Worker-196: Launching relntern-backend - ReInternBackendApplication] INFO  o.a.m.s.f.DefaultMavenResourcesFiltering - skip non existing resourceDirectory C:\Users\ytiwa\OneDrive\Desktop\Relntern-final\Relntern-main-main\BackEnd\relntern-backend\src\test\resources
2024-09-03 16:05:21,188 [Worker-206: Launching relntern-backend - ReInternBackendApplication] INFO  o.a.m.s.f.DefaultMavenResourcesFiltering - Copying 1 resource from src\main\resources to target\classes
2024-09-03 16:05:21,286 [Worker-206: Launching relntern-backend - ReInternBackendApplication] INFO  o.a.m.s.f.DefaultMavenResourcesFiltering - Copying 0 resource from src\main\resources to target\classes
2024-09-03 16:05:21,312 [Worker-206: Launching relntern-backend - ReInternBackendApplication] INFO  o.a.m.s.f.DefaultMavenResourcesFiltering - skip non existing resourceDirectory C:\Users\ytiwa\OneDrive\Desktop\Relntern-final\Relntern-main-main\BackEnd\relntern-backend\src\test\resources
2024-09-03 16:14:51,194 [Worker-198: Building] INFO  o.a.m.s.f.DefaultMavenResourcesFiltering - Copying 1 resource from src\main\resources to target\classes
2024-09-03 16:14:51,238 [Worker-198: Building] INFO  o.a.m.s.f.DefaultMavenResourcesFiltering - Copying 0 resource from src\main\resources to target\classes
2024-09-03 16:14:51,245 [Worker-198: Building] INFO  o.a.m.s.f.DefaultMavenResourcesFiltering - skip non existing resourceDirectory C:\Users\ytiwa\OneDrive\Desktop\Relntern-final\Relntern-main-main\BackEnd\relntern-backend\src\test\resources
2024-09-03 16:14:57,621 [Worker-204: Launching relntern-backend - ReInternBackendApplication] INFO  o.a.m.s.f.DefaultMavenResourcesFiltering - Copying 1 resource from src\main\resources to target\classes
2024-09-03 16:14:57,795 [Worker-204: Launching relntern-backend - ReInternBackendApplication] INFO  o.a.m.s.f.DefaultMavenResourcesFiltering - Copying 0 resource from src\main\resources to target\classes
2024-09-03 16:14:57,802 [Worker-204: Launching relntern-backend - ReInternBackendApplication] INFO  o.a.m.s.f.DefaultMavenResourcesFiltering - skip non existing resourceDirectory C:\Users\ytiwa\OneDrive\Desktop\Relntern-final\Relntern-main-main\BackEnd\relntern-backend\src\test\resources
2024-09-03 16:18:55,549 [Worker-212: Building] INFO  o.a.m.s.f.DefaultMavenResourcesFiltering - Copying 1 resource from src\main\resources to target\classes
2024-09-03 16:18:55,646 [Worker-212: Building] INFO  o.a.m.s.f.DefaultMavenResourcesFiltering - Copying 0 resource from src\main\resources to target\classes
2024-09-03 16:18:55,653 [Worker-212: Building] INFO  o.a.m.s.f.DefaultMavenResourcesFiltering - skip non existing resourceDirectory C:\Users\ytiwa\OneDrive\Desktop\Relntern-final\Relntern-main-main\BackEnd\relntern-backend\src\test\resources
2024-09-03 16:19:03,565 [Worker-212: Building] INFO  o.a.m.s.f.DefaultMavenResourcesFiltering - Copying 1 resource from src\main\resources to target\classes
2024-09-03 16:19:03,597 [Worker-212: Building] INFO  o.a.m.s.f.DefaultMavenResourcesFiltering - Copying 0 resource from src\main\resources to target\classes
2024-09-03 16:19:03,605 [Worker-212: Building] INFO  o.a.m.s.f.DefaultMavenResourcesFiltering - skip non existing resourceDirectory C:\Users\ytiwa\OneDrive\Desktop\Relntern-final\Relntern-main-main\BackEnd\relntern-backend\src\test\resources
2024-09-03 16:19:09,540 [Worker-210: Launching relntern-backend - ReInternBackendApplication] INFO  o.a.m.s.f.DefaultMavenResourcesFiltering - Copying 1 resource from src\main\resources to target\classes
2024-09-03 16:19:09,550 [Worker-210: Launching relntern-backend - ReInternBackendApplication] INFO  o.a.m.s.f.DefaultMavenResourcesFiltering - Copying 0 resource from src\main\resources to target\classes
2024-09-03 16:19:09,556 [Worker-210: Launching relntern-backend - ReInternBackendApplication] INFO  o.a.m.s.f.DefaultMavenResourcesFiltering - skip non existing resourceDirectory C:\Users\ytiwa\OneDrive\Desktop\Relntern-final\Relntern-main-main\BackEnd\relntern-backend\src\test\resources
2024-09-03 16:36:15,349 [Worker-215: Building] INFO  o.a.m.s.f.DefaultMavenResourcesFiltering - Copying 1 resource from src\main\resources to target\classes
2024-09-03 16:36:15,420 [Worker-215: Building] INFO  o.a.m.s.f.DefaultMavenResourcesFiltering - Copying 0 resource from src\main\resources to target\classes
2024-09-03 16:36:15,431 [Worker-215: Building] INFO  o.a.m.s.f.DefaultMavenResourcesFiltering - skip non existing resourceDirectory C:\Users\ytiwa\OneDrive\Desktop\Relntern-final\Relntern-main-main\BackEnd\relntern-backend\src\test\resources
2024-09-03 16:46:15,005 [Worker-228: Launching relntern-backend - ReInternBackendApplication] INFO  o.a.m.s.f.DefaultMavenResourcesFiltering - Copying 1 resource from src\main\resources to target\classes
2024-09-03 16:46:15,056 [Worker-228: Launching relntern-backend - ReInternBackendApplication] INFO  o.a.m.s.f.DefaultMavenResourcesFiltering - Copying 0 resource from src\main\resources to target\classes
2024-09-03 16:46:15,068 [Worker-228: Launching relntern-backend - ReInternBackendApplication] INFO  o.a.m.s.f.DefaultMavenResourcesFiltering - skip non existing resourceDirectory C:\Users\ytiwa\OneDrive\Desktop\Relntern-final\Relntern-main-main\BackEnd\relntern-backend\src\test\resources
2024-09-03 16:46:58,201 [Worker-227: Launching relntern-backend - ReInternBackendApplication] INFO  o.a.m.s.f.DefaultMavenResourcesFiltering - Copying 1 resource from src\main\resources to target\classes
2024-09-03 16:46:58,212 [Worker-227: Launching relntern-backend - ReInternBackendApplication] INFO  o.a.m.s.f.DefaultMavenResourcesFiltering - Copying 0 resource from src\main\resources to target\classes
2024-09-03 16:46:58,216 [Worker-227: Launching relntern-backend - ReInternBackendApplication] INFO  o.a.m.s.f.DefaultMavenResourcesFiltering - skip non existing resourceDirectory C:\Users\ytiwa\OneDrive\Desktop\Relntern-final\Relntern-main-main\BackEnd\relntern-backend\src\test\resources
2024-09-03 17:11:54,271 [Worker-234: Building] INFO  o.a.m.s.f.DefaultMavenResourcesFiltering - Copying 1 resource from src\main\resources to target\classes
2024-09-03 17:11:54,537 [Worker-234: Building] INFO  o.a.m.s.f.DefaultMavenResourcesFiltering - Copying 0 resource from src\main\resources to target\classes
2024-09-03 17:11:54,548 [Worker-234: Building] INFO  o.a.m.s.f.DefaultMavenResourcesFiltering - skip non existing resourceDirectory C:\Users\ytiwa\OneDrive\Desktop\Relntern-final\Relntern-main-main\BackEnd\relntern-backend\src\test\resources
2024-09-03 17:12:27,453 [Worker-233: Building] INFO  o.a.m.s.f.DefaultMavenResourcesFiltering - Copying 1 resource from src\main\resources to target\classes
2024-09-03 17:12:27,736 [Worker-233: Building] INFO  o.a.m.s.f.DefaultMavenResourcesFiltering - Copying 0 resource from src\main\resources to target\classes
2024-09-03 17:12:27,744 [Worker-233: Building] INFO  o.a.m.s.f.DefaultMavenResourcesFiltering - skip non existing resourceDirectory C:\Users\ytiwa\OneDrive\Desktop\Relntern-final\Relntern-main-main\BackEnd\relntern-backend\src\test\resources
2024-09-03 17:13:20,971 [Worker-234: Building] INFO  o.a.m.s.f.DefaultMavenResourcesFiltering - Copying 1 resource from src\main\resources to target\classes
2024-09-03 17:13:20,991 [Worker-234: Building] INFO  o.a.m.s.f.DefaultMavenResourcesFiltering - Copying 0 resource from src\main\resources to target\classes
2024-09-03 17:13:20,995 [Worker-234: Building] INFO  o.a.m.s.f.DefaultMavenResourcesFiltering - skip non existing resourceDirectory C:\Users\ytiwa\OneDrive\Desktop\Relntern-final\Relntern-main-main\BackEnd\relntern-backend\src\test\resources
2024-09-03 17:18:10,252 [Worker-236: Building] INFO  o.a.m.s.f.DefaultMavenResourcesFiltering - Copying 1 resource from src\main\resources to target\classes
2024-09-03 17:18:11,681 [Worker-236: Building] INFO  o.a.m.s.f.DefaultMavenResourcesFiltering - Copying 0 resource from src\main\resources to target\classes
2024-09-03 17:18:11,744 [Worker-236: Building] INFO  o.a.m.s.f.DefaultMavenResourcesFiltering - skip non existing resourceDirectory C:\Users\ytiwa\OneDrive\Desktop\Relntern-final\Relntern-main-main\BackEnd\relntern-backend\src\test\resources
2024-09-03 17:18:36,309 [Worker-230: Building] INFO  o.a.m.s.f.DefaultMavenResourcesFiltering - Copying 1 resource from src\main\resources to target\classes
2024-09-03 17:18:36,332 [Worker-230: Building] INFO  o.a.m.s.f.DefaultMavenResourcesFiltering - Copying 0 resource from src\main\resources to target\classes
2024-09-03 17:18:36,339 [Worker-230: Building] INFO  o.a.m.s.f.DefaultMavenResourcesFiltering - skip non existing resourceDirectory C:\Users\ytiwa\OneDrive\Desktop\Relntern-final\Relntern-main-main\BackEnd\relntern-backend\src\test\resources
2024-09-03 17:23:54,998 [Worker-240: Building] INFO  o.a.m.s.f.DefaultMavenResourcesFiltering - Copying 1 resource from src\main\resources to target\classes
2024-09-03 17:23:55,008 [Worker-240: Building] INFO  o.a.m.s.f.DefaultMavenResourcesFiltering - Copying 0 resource from src\main\resources to target\classes
2024-09-03 17:23:55,014 [Worker-240: Building] INFO  o.a.m.s.f.DefaultMavenResourcesFiltering - skip non existing resourceDirectory C:\Users\ytiwa\OneDrive\Desktop\Relntern-final\Relntern-main-main\BackEnd\relntern-backend\src\test\resources
2024-09-03 17:26:41,971 [Worker-242: Building] INFO  o.a.m.s.f.DefaultMavenResourcesFiltering - Copying 1 resource from src\main\resources to target\classes
2024-09-03 17:26:41,996 [Worker-242: Building] INFO  o.a.m.s.f.DefaultMavenResourcesFiltering - Copying 0 resource from src\main\resources to target\classes
2024-09-03 17:26:42,000 [Worker-242: Building] INFO  o.a.m.s.f.DefaultMavenResourcesFiltering - skip non existing resourceDirectory C:\Users\ytiwa\OneDrive\Desktop\Relntern-final\Relntern-main-main\BackEnd\relntern-backend\src\test\resources
2024-09-03 17:32:24,582 [Worker-244: Building] INFO  o.a.m.s.f.DefaultMavenResourcesFiltering - Copying 1 resource from src\main\resources to target\classes
2024-09-03 17:32:24,600 [Worker-244: Building] INFO  o.a.m.s.f.DefaultMavenResourcesFiltering - Copying 0 resource from src\main\resources to target\classes
2024-09-03 17:32:24,605 [Worker-244: Building] INFO  o.a.m.s.f.DefaultMavenResourcesFiltering - skip non existing resourceDirectory C:\Users\ytiwa\OneDrive\Desktop\Relntern-final\Relntern-main-main\BackEnd\relntern-backend\src\test\resources
2024-09-03 17:44:24,819 [Worker-225: Building] INFO  o.a.m.s.f.DefaultMavenResourcesFiltering - Copying 1 resource from src\main\resources to target\classes
2024-09-03 17:44:24,983 [Worker-225: Building] INFO  o.a.m.s.f.DefaultMavenResourcesFiltering - Copying 0 resource from src\main\resources to target\classes
2024-09-03 17:44:24,994 [Worker-225: Building] INFO  o.a.m.s.f.DefaultMavenResourcesFiltering - skip non existing resourceDirectory C:\Users\ytiwa\OneDrive\Desktop\Relntern-final\Relntern-main-main\BackEnd\relntern-backend\src\test\resources
2024-09-03 17:49:43,616 [Worker-254: Building] INFO  o.a.m.s.f.DefaultMavenResourcesFiltering - Copying 1 resource from src\main\resources to target\classes
2024-09-03 17:49:43,647 [Worker-254: Building] INFO  o.a.m.s.f.DefaultMavenResourcesFiltering - Copying 0 resource from src\main\resources to target\classes
2024-09-03 17:49:43,652 [Worker-254: Building] INFO  o.a.m.s.f.DefaultMavenResourcesFiltering - skip non existing resourceDirectory C:\Users\ytiwa\OneDrive\Desktop\Relntern-final\Relntern-main-main\BackEnd\relntern-backend\src\test\resources
2024-09-05 11:06:40,043 [Worker-278: Building] INFO  o.a.m.s.f.DefaultMavenResourcesFiltering - Copying 1 resource from src\main\resources to target\classes
2024-09-05 11:06:41,014 [Worker-278: Building] INFO  o.a.m.s.f.DefaultMavenResourcesFiltering - Copying 0 resource from src\main\resources to target\classes
2024-09-05 11:06:41,026 [Worker-278: Building] INFO  o.a.m.s.f.DefaultMavenResourcesFiltering - skip non existing resourceDirectory C:\Users\ytiwa\OneDrive\Desktop\Relntern-final\Relntern-main-main\BackEnd\relntern-backend\src\test\resources
2024-09-05 11:29:40,331 [Worker-284: Launching relntern-backend - ReInternBackendApplication] INFO  o.a.m.s.f.DefaultMavenResourcesFiltering - Copying 1 resource from src\main\resources to target\classes
2024-09-05 11:29:40,477 [Worker-284: Launching relntern-backend - ReInternBackendApplication] INFO  o.a.m.s.f.DefaultMavenResourcesFiltering - Copying 0 resource from src\main\resources to target\classes
2024-09-05 11:29:40,483 [Worker-284: Launching relntern-backend - ReInternBackendApplication] INFO  o.a.m.s.f.DefaultMavenResourcesFiltering - skip non existing resourceDirectory C:\Users\ytiwa\OneDrive\Desktop\Relntern-final\Relntern-main-main\BackEnd\relntern-backend\src\test\resources
2024-09-05 11:35:16,365 [Worker-282: Launching relntern-backend - ReInternBackendApplication] INFO  o.a.m.s.f.DefaultMavenResourcesFiltering - Copying 1 resource from src\main\resources to target\classes
2024-09-05 11:35:16,376 [Worker-282: Launching relntern-backend - ReInternBackendApplication] INFO  o.a.m.s.f.DefaultMavenResourcesFiltering - Copying 0 resource from src\main\resources to target\classes
2024-09-05 11:35:16,379 [Worker-282: Launching relntern-backend - ReInternBackendApplication] INFO  o.a.m.s.f.DefaultMavenResourcesFiltering - skip non existing resourceDirectory C:\Users\ytiwa\OneDrive\Desktop\Relntern-final\Relntern-main-main\BackEnd\relntern-backend\src\test\resources
2024-09-05 13:02:22,507 [Worker-306: Launching relntern-backend - ReInternBackendApplication] INFO  o.a.m.s.f.DefaultMavenResourcesFiltering - Copying 1 resource from src\main\resources to target\classes
2024-09-05 13:02:22,570 [Worker-306: Launching relntern-backend - ReInternBackendApplication] INFO  o.a.m.s.f.DefaultMavenResourcesFiltering - Copying 0 resource from src\main\resources to target\classes
2024-09-05 13:02:22,580 [Worker-306: Launching relntern-backend - ReInternBackendApplication] INFO  o.a.m.s.f.DefaultMavenResourcesFiltering - skip non existing resourceDirectory C:\Users\ytiwa\OneDrive\Desktop\Relntern-final\Relntern-main-main\BackEnd\relntern-backend\src\test\resources
2024-09-05 14:19:03,381 [Worker-319: Launching relntern-backend - ReInternBackendApplication] INFO  o.a.m.s.f.DefaultMavenResourcesFiltering - Copying 1 resource from src\main\resources to target\classes
2024-09-05 14:19:03,470 [Worker-319: Launching relntern-backend - ReInternBackendApplication] INFO  o.a.m.s.f.DefaultMavenResourcesFiltering - Copying 0 resource from src\main\resources to target\classes
2024-09-05 14:19:03,487 [Worker-319: Launching relntern-backend - ReInternBackendApplication] INFO  o.a.m.s.f.DefaultMavenResourcesFiltering - skip non existing resourceDirectory C:\Users\ytiwa\OneDrive\Desktop\Relntern-final\Relntern-main-main\BackEnd\relntern-backend\src\test\resources
2024-09-05 15:24:51,431 [Worker-335: Launching relntern-backend - ReInternBackendApplication] INFO  o.a.m.s.f.DefaultMavenResourcesFiltering - Copying 1 resource from src\main\resources to target\classes
2024-09-05 15:24:51,780 [Worker-335: Launching relntern-backend - ReInternBackendApplication] INFO  o.a.m.s.f.DefaultMavenResourcesFiltering - Copying 0 resource from src\main\resources to target\classes
2024-09-05 15:24:51,790 [Worker-335: Launching relntern-backend - ReInternBackendApplication] INFO  o.a.m.s.f.DefaultMavenResourcesFiltering - skip non existing resourceDirectory C:\Users\ytiwa\OneDrive\Desktop\Relntern-final\Relntern-main-main\BackEnd\relntern-backend\src\test\resources
2024-09-08 11:38:32,424 [Worker-362: Building] INFO  o.a.m.s.f.DefaultMavenResourcesFiltering - Copying 1 resource from src\main\resources to target\classes
2024-09-08 11:38:32,685 [Worker-362: Building] INFO  o.a.m.s.f.DefaultMavenResourcesFiltering - Copying 0 resource from src\main\resources to target\classes
2024-09-08 11:38:32,691 [Worker-362: Building] INFO  o.a.m.s.f.DefaultMavenResourcesFiltering - skip non existing resourceDirectory C:\Users\ytiwa\OneDrive\Desktop\Relntern-final\Relntern-main-main\BackEnd\relntern-backend\src\test\resources
